апр. 20, 2020 2:58:47 AM Main setUpLogger
INFO: Initial log
апр. 20, 2020 2:58:47 AM calculator.OperatorFactory <init>
INFO: Operator factory was created!
апр. 20, 2020 2:58:47 AM calculator.operator.Push execute
INFO: pushed value = -1.0
апр. 20, 2020 2:58:47 AM calculator.Calculator calculate
INFO: operator PUSH was created and executed
апр. 20, 2020 2:58:47 AM calculator.operator.Sqrt execute
WARNING: arg: -1.0 < 0, arg was pushed
апр. 20, 2020 2:58:47 AM calculator.operator.Sqrt execute
INFO: sqrt = -1.0
апр. 20, 2020 2:58:47 AM calculator.Calculator calculate
INFO: operator SQRT was created and executed
апр. 20, 2020 2:58:47 AM calculator.operator.Print execute
INFO: printed value = -1.0
апр. 20, 2020 2:58:47 AM calculator.Calculator calculate
INFO: operator PRINT was created and executed
апр. 20, 2020 2:58:47 AM calculator.OperatorFactory createOperator
WARNING: operator plus was not found
